C:\Users\Jeff\Desktop\Quake 2 Source Code\release\cl.command.1.tlog
C:\Users\Jeff\Desktop\Quake 2 Source Code\release\CL.read.1.tlog
C:\Users\Jeff\Desktop\Quake 2 Source Code\release\CL.write.1.tlog
C:\USERS\JEFF\DESKTOP\QUAKE 2 SOURCE CODE\RELEASE\G_AI.OBJ
C:\USERS\JEFF\DESKTOP\QUAKE 2 SOURCE CODE\RELEASE\G_CHASE.OBJ
C:\USERS\JEFF\DESKTOP\QUAKE 2 SOURCE CODE\RELEASE\G_CMDS.OBJ
C:\USERS\JEFF\DESKTOP\QUAKE 2 SOURCE CODE\RELEASE\G_COMBAT.OBJ
C:\USERS\JEFF\DESKTOP\QUAKE 2 SOURCE CODE\RELEASE\G_FUNC.OBJ
C:\USERS\JEFF\DESKTOP\QUAKE 2 SOURCE CODE\RELEASE\G_ITEMS.OBJ
C:\USERS\JEFF\DESKTOP\QUAKE 2 SOURCE CODE\RELEASE\G_MAIN.OBJ
C:\USERS\JEFF\DESKTOP\QUAKE 2 SOURCE CODE\RELEASE\G_MISC.OBJ
C:\USERS\JEFF\DESKTOP\QUAKE 2 SOURCE CODE\RELEASE\G_MONSTER.OBJ
C:\USERS\JEFF\DESKTOP\QUAKE 2 SOURCE CODE\RELEASE\G_PHYS.OBJ
C:\USERS\JEFF\DESKTOP\QUAKE 2 SOURCE CODE\RELEASE\G_SAVE.OBJ
C:\USERS\JEFF\DESKTOP\QUAKE 2 SOURCE CODE\RELEASE\G_SPAWN.OBJ
C:\USERS\JEFF\DESKTOP\QUAKE 2 SOURCE CODE\RELEASE\G_SVCMDS.OBJ
C:\USERS\JEFF\DESKTOP\QUAKE 2 SOURCE CODE\RELEASE\G_TARGET.OBJ
C:\USERS\JEFF\DESKTOP\QUAKE 2 SOURCE CODE\RELEASE\G_TRIGGER.OBJ
C:\USERS\JEFF\DESKTOP\QUAKE 2 SOURCE CODE\RELEASE\G_TURRET.OBJ
C:\USERS\JEFF\DESKTOP\QUAKE 2 SOURCE CODE\RELEASE\G_UTILS.OBJ
C:\USERS\JEFF\DESKTOP\QUAKE 2 SOURCE CODE\RELEASE\G_WEAPON.OBJ
C:\Users\Jeff\Desktop\Quake 2 Source Code\release\game.write.1.tlog
C:\USERS\JEFF\DESKTOP\QUAKE 2 SOURCE CODE\RELEASE\M_ACTOR.OBJ
C:\USERS\JEFF\DESKTOP\QUAKE 2 SOURCE CODE\RELEASE\M_BERSERK.OBJ
C:\USERS\JEFF\DESKTOP\QUAKE 2 SOURCE CODE\RELEASE\M_BOSS2.OBJ
C:\USERS\JEFF\DESKTOP\QUAKE 2 SOURCE CODE\RELEASE\M_BOSS3.OBJ
C:\USERS\JEFF\DESKTOP\QUAKE 2 SOURCE CODE\RELEASE\M_BOSS31.OBJ
C:\USERS\JEFF\DESKTOP\QUAKE 2 SOURCE CODE\RELEASE\M_BOSS32.OBJ
C:\USERS\JEFF\DESKTOP\QUAKE 2 SOURCE CODE\RELEASE\M_BRAIN.OBJ
C:\USERS\JEFF\DESKTOP\QUAKE 2 SOURCE CODE\RELEASE\M_CHICK.OBJ
C:\USERS\JEFF\DESKTOP\QUAKE 2 SOURCE CODE\RELEASE\M_FLASH.OBJ
C:\USERS\JEFF\DESKTOP\QUAKE 2 SOURCE CODE\RELEASE\M_FLIPPER.OBJ
C:\USERS\JEFF\DESKTOP\QUAKE 2 SOURCE CODE\RELEASE\M_FLOAT.OBJ
C:\USERS\JEFF\DESKTOP\QUAKE 2 SOURCE CODE\RELEASE\M_FLYER.OBJ
C:\USERS\JEFF\DESKTOP\QUAKE 2 SOURCE CODE\RELEASE\M_GLADIATOR.OBJ
C:\USERS\JEFF\DESKTOP\QUAKE 2 SOURCE CODE\RELEASE\M_GUNNER.OBJ
C:\USERS\JEFF\DESKTOP\QUAKE 2 SOURCE CODE\RELEASE\M_HOVER.OBJ
C:\USERS\JEFF\DESKTOP\QUAKE 2 SOURCE CODE\RELEASE\M_INFANTRY.OBJ
C:\USERS\JEFF\DESKTOP\QUAKE 2 SOURCE CODE\RELEASE\M_INSANE.OBJ
C:\USERS\JEFF\DESKTOP\QUAKE 2 SOURCE CODE\RELEASE\M_MEDIC.OBJ
C:\USERS\JEFF\DESKTOP\QUAKE 2 SOURCE CODE\RELEASE\M_MOVE.OBJ
C:\USERS\JEFF\DESKTOP\QUAKE 2 SOURCE CODE\RELEASE\M_MUTANT.OBJ
C:\USERS\JEFF\DESKTOP\QUAKE 2 SOURCE CODE\RELEASE\M_PARASITE.OBJ
C:\USERS\JEFF\DESKTOP\QUAKE 2 SOURCE CODE\RELEASE\M_SOLDIER.OBJ
C:\USERS\JEFF\DESKTOP\QUAKE 2 SOURCE CODE\RELEASE\M_SUPERTANK.OBJ
C:\USERS\JEFF\DESKTOP\QUAKE 2 SOURCE CODE\RELEASE\M_TANK.OBJ
C:\USERS\JEFF\DESKTOP\QUAKE 2 SOURCE CODE\RELEASE\P_HUD.OBJ
C:\USERS\JEFF\DESKTOP\QUAKE 2 SOURCE CODE\RELEASE\P_TRAIL.OBJ
C:\USERS\JEFF\DESKTOP\QUAKE 2 SOURCE CODE\RELEASE\P_VIEW.OBJ
C:\USERS\JEFF\DESKTOP\QUAKE 2 SOURCE CODE\RELEASE\P_WEAPON.OBJ
C:\USERS\JEFF\DESKTOP\QUAKE 2 SOURCE CODE\RELEASE\Q_SHARED.OBJ
